<?xml version="1.0" encoding="UTF-8"?>
<testng-results ignored="0" total="7" passed="7" failed="0" skipped="0">
  <reporter-output>
  </reporter-output>
  <suite started-at="2024-10-07T06:31:32 UTC" name="Default suite" finished-at="2024-10-07T06:31:39 UTC" duration-ms="7541">
    <groups>
    </groups>
    <test started-at="2024-10-07T06:31:32 UTC" name="Default test" finished-at="2024-10-07T06:31:39 UTC" duration-ms="7541">
      <class name="com.spree.test.Countries">
        <test-method is-config="true" signature="SetUp()[pri:0, instance:com.spree.test.Countries@45752059]" started-at="2024-10-07T06:31:32 UTC" name="SetUp" finished-at="2024-10-07T06:31:32 UTC" duration-ms="323" status="PASS">
          <reporter-output>
          </reporter-output>
        </test-method> <!-- SetUp -->
        <test-method is-config="true" signature="setup()[pri:0, instance:com.spree.test.Countries@45752059]" started-at="2024-10-07T06:31:32 UTC" name="setup" finished-at="2024-10-07T06:31:33 UTC" duration-ms="436" status="PASS">
          <reporter-output>
          </reporter-output>
        </test-method> <!-- setup -->
        <test-method signature="T01_getDefaultCountries()[pri:1, instance:com.spree.test.Countries@45752059]" started-at="2024-10-07T06:31:33 UTC" name="T01_getDefaultCountries" finished-at="2024-10-07T06:31:35 UTC" duration-ms="2401" status="PASS">
          <reporter-output>
          </reporter-output>
        </test-method> <!-- T01_getDefaultCountries -->
        <test-method is-config="true" signature="tearDown(org.testng.ITestResult)[pri:0, instance:com.spree.test.Countries@45752059]" started-at="2024-10-07T06:31:35 UTC" name="tearDown" finished-at="2024-10-07T06:31:35 UTC" duration-ms="16" status="PASS">
          <params>
            <param index="0">
              <value>
                <![CDATA[[TestResult name=T01_getDefaultCountries status=SUCCESS method=Countries.T01_getDefaultCountries()[pri:1, instance:com.spree.test.Countries@45752059] output={null}]]]>
              </value>
            </param>
          </params>
          <reporter-output>
          </reporter-output>
        </test-method> <!-- tearDown -->
        <test-method signature="T02_retrieveaCountry(java.lang.String,java.lang.String,java.lang.String)[pri:2, instance:com.spree.test.Countries@45752059]" started-at="2024-10-07T06:31:35 UTC" name="T02_retrieveaCountry" data-provider="country_iso" finished-at="2024-10-07T06:31:35 UTC" duration-ms="258" status="PASS">
          <params>
            <param index="0">
              <value>
                <![CDATA[usa]]>
              </value>
            </param>
            <param index="1">
              <value>
                <![CDATA[UNITED STATES]]>
              </value>
            </param>
            <param index="2">
              <value>
                <![CDATA[USA]]>
              </value>
            </param>
          </params>
          <reporter-output>
          </reporter-output>
        </test-method> <!-- T02_retrieveaCountry -->
        <test-method is-config="true" signature="tearDown(org.testng.ITestResult)[pri:0, instance:com.spree.test.Countries@45752059]" started-at="2024-10-07T06:31:35 UTC" name="tearDown" finished-at="2024-10-07T06:31:35 UTC" duration-ms="1" status="PASS">
          <params>
            <param index="0">
              <value>
                <![CDATA[[TestResult name=T02_retrieveaCountry status=SUCCESS method=Countries.T02_retrieveaCountry(java.lang.String,java.lang.String,java.lang.String)[pri:2, instance:com.spree.test.Countries@45752059] output={null}]]]>
              </value>
            </param>
          </params>
          <reporter-output>
          </reporter-output>
        </test-method> <!-- tearDown -->
        <test-method signature="T02_retrieveaCountry(java.lang.String,java.lang.String,java.lang.String)[pri:2, instance:com.spree.test.Countries@45752059]" started-at="2024-10-07T06:31:35 UTC" name="T02_retrieveaCountry" data-provider="country_iso" finished-at="2024-10-07T06:31:35 UTC" duration-ms="238" status="PASS">
          <params>
            <param index="0">
              <value>
                <![CDATA[ind]]>
              </value>
            </param>
            <param index="1">
              <value>
                <![CDATA[INDIA]]>
              </value>
            </param>
            <param index="2">
              <value>
                <![CDATA[IND]]>
              </value>
            </param>
          </params>
          <reporter-output>
          </reporter-output>
        </test-method> <!-- T02_retrieveaCountry -->
        <test-method is-config="true" signature="tearDown(org.testng.ITestResult)[pri:0, instance:com.spree.test.Countries@45752059]" started-at="2024-10-07T06:31:35 UTC" name="tearDown" finished-at="2024-10-07T06:31:35 UTC" duration-ms="1" status="PASS">
          <params>
            <param index="0">
              <value>
                <![CDATA[[TestResult name=T02_retrieveaCountry status=SUCCESS method=Countries.T02_retrieveaCountry(java.lang.String,java.lang.String,java.lang.String)[pri:2, instance:com.spree.test.Countries@45752059] output={null}]]]>
              </value>
            </param>
          </params>
          <reporter-output>
          </reporter-output>
        </test-method> <!-- tearDown -->
        <test-method signature="T02_retrieveaCountry(java.lang.String,java.lang.String,java.lang.String)[pri:2, instance:com.spree.test.Countries@45752059]" started-at="2024-10-07T06:31:35 UTC" name="T02_retrieveaCountry" data-provider="country_iso" finished-at="2024-10-07T06:31:36 UTC" duration-ms="192" status="PASS">
          <params>
            <param index="0">
              <value>
                <![CDATA[pak]]>
              </value>
            </param>
            <param index="1">
              <value>
                <![CDATA[PAKISTAN]]>
              </value>
            </param>
            <param index="2">
              <value>
                <![CDATA[PAK]]>
              </value>
            </param>
          </params>
          <reporter-output>
          </reporter-output>
        </test-method> <!-- T02_retrieveaCountry -->
        <test-method is-config="true" signature="tearDown(org.testng.ITestResult)[pri:0, instance:com.spree.test.Countries@45752059]" started-at="2024-10-07T06:31:36 UTC" name="tearDown" finished-at="2024-10-07T06:31:36 UTC" duration-ms="4" status="PASS">
          <params>
            <param index="0">
              <value>
                <![CDATA[[TestResult name=T02_retrieveaCountry status=SUCCESS method=Countries.T02_retrieveaCountry(java.lang.String,java.lang.String,java.lang.String)[pri:2, instance:com.spree.test.Countries@45752059] output={null}]]]>
              </value>
            </param>
          </params>
          <reporter-output>
          </reporter-output>
        </test-method> <!-- tearDown -->
        <test-method signature="T02_retrieveaCountry(java.lang.String,java.lang.String,java.lang.String)[pri:2, instance:com.spree.test.Countries@45752059]" started-at="2024-10-07T06:31:36 UTC" name="T02_retrieveaCountry" data-provider="country_iso" finished-at="2024-10-07T06:31:36 UTC" duration-ms="201" status="PASS">
          <params>
            <param index="0">
              <value>
                <![CDATA[gb]]>
              </value>
            </param>
            <param index="1">
              <value>
                <![CDATA[UNITED KINGDOM]]>
              </value>
            </param>
            <param index="2">
              <value>
                <![CDATA[GBR]]>
              </value>
            </param>
          </params>
          <reporter-output>
          </reporter-output>
        </test-method> <!-- T02_retrieveaCountry -->
        <test-method is-config="true" signature="tearDown(org.testng.ITestResult)[pri:0, instance:com.spree.test.Countries@45752059]" started-at="2024-10-07T06:31:36 UTC" name="tearDown" finished-at="2024-10-07T06:31:36 UTC" duration-ms="0" status="PASS">
          <params>
            <param index="0">
              <value>
                <![CDATA[[TestResult name=T02_retrieveaCountry status=SUCCESS method=Countries.T02_retrieveaCountry(java.lang.String,java.lang.String,java.lang.String)[pri:2, instance:com.spree.test.Countries@45752059] output={null}]]]>
              </value>
            </param>
          </params>
          <reporter-output>
          </reporter-output>
        </test-method> <!-- tearDown -->
        <test-method signature="T02_retrieveaCountry(java.lang.String,java.lang.String,java.lang.String)[pri:2, instance:com.spree.test.Countries@45752059]" started-at="2024-10-07T06:31:36 UTC" name="T02_retrieveaCountry" data-provider="country_iso" finished-at="2024-10-07T06:31:36 UTC" duration-ms="259" status="PASS">
          <params>
            <param index="0">
              <value>
                <![CDATA[afg]]>
              </value>
            </param>
            <param index="1">
              <value>
                <![CDATA[AFGHANISTAN]]>
              </value>
            </param>
            <param index="2">
              <value>
                <![CDATA[AFG]]>
              </value>
            </param>
          </params>
          <reporter-output>
          </reporter-output>
        </test-method> <!-- T02_retrieveaCountry -->
        <test-method is-config="true" signature="tearDown(org.testng.ITestResult)[pri:0, instance:com.spree.test.Countries@45752059]" started-at="2024-10-07T06:31:36 UTC" name="tearDown" finished-at="2024-10-07T06:31:36 UTC" duration-ms="2" status="PASS">
          <params>
            <param index="0">
              <value>
                <![CDATA[[TestResult name=T02_retrieveaCountry status=SUCCESS method=Countries.T02_retrieveaCountry(java.lang.String,java.lang.String,java.lang.String)[pri:2, instance:com.spree.test.Countries@45752059] output={null}]]]>
              </value>
            </param>
          </params>
          <reporter-output>
          </reporter-output>
        </test-method> <!-- tearDown -->
        <test-method signature="T03_listallCountries()[pri:3, instance:com.spree.test.Countries@45752059]" started-at="2024-10-07T06:31:36 UTC" name="T03_listallCountries" finished-at="2024-10-07T06:31:39 UTC" duration-ms="2762" status="PASS">
          <reporter-output>
          </reporter-output>
        </test-method> <!-- T03_listallCountries -->
        <test-method is-config="true" signature="tearDown(org.testng.ITestResult)[pri:0, instance:com.spree.test.Countries@45752059]" started-at="2024-10-07T06:31:39 UTC" name="tearDown" finished-at="2024-10-07T06:31:39 UTC" duration-ms="0" status="PASS">
          <params>
            <param index="0">
              <value>
                <![CDATA[[TestResult name=T03_listallCountries status=SUCCESS method=Countries.T03_listallCountries()[pri:3, instance:com.spree.test.Countries@45752059] output={null}]]]>
              </value>
            </param>
          </params>
          <reporter-output>
          </reporter-output>
        </test-method> <!-- tearDown -->
        <test-method is-config="true" signature="afterTest()[pri:0, instance:com.spree.test.Countries@45752059]" started-at="2024-10-07T06:31:39 UTC" name="afterTest" finished-at="2024-10-07T06:31:39 UTC" duration-ms="377" status="PASS">
          <reporter-output>
          </reporter-output>
        </test-method> <!-- afterTest -->
      </class> <!-- com.spree.test.Countries -->
    </test> <!-- Default test -->
  </suite> <!-- Default suite -->
</testng-results>
