<?xml version="1.0" encoding="UTF-8"?>
<!-- Generated by org.testng.reporters.JUnitXMLReporter -->
<testsuite ignored="0" hostname="EC2AMAZ-8KL45D2" failures="0" tests="7" name="Default test" time="7.541" errors="0" timestamp="2024-10-07T06:31:39 UTC">
  <testcase classname="com.spree.test.Countries" name="T01_getDefaultCountries" time="2.401"/>
  <testcase classname="com.spree.test.Countries" name="T02_retrieveaCountry" time="0.258"/>
  <testcase classname="com.spree.test.Countries" name="T02_retrieveaCountry" time="0.238"/>
  <testcase classname="com.spree.test.Countries" name="T02_retrieveaCountry" time="0.192"/>
  <testcase classname="com.spree.test.Countries" name="T02_retrieveaCountry" time="0.201"/>
  <testcase classname="com.spree.test.Countries" name="T02_retrieveaCountry" time="0.259"/>
  <testcase classname="com.spree.test.Countries" name="T03_listallCountries" time="2.762"/>
</testsuite> <!-- Default test -->
